<?xml version="1.0" encoding="UTF-8"?>
<!-- Generated by org.testng.reporters.JUnitReportReporter -->
<testsuite hostname="DESKTOP-3BNAR3I" failures="0" tests="1" name="com.tests.CRUDWithTekarchApi.UpdateUser" time="2.157" errors="0" timestamp="2022-06-09T18:09:16 EDT" skipped="0">
  <testcase classname="com.tests.CRUDWithTekarchApi.UpdateUser" name="updateUserData" time="2.157"/>
  <system-out/>
</testsuite> <!-- com.tests.CRUDWithTekarchApi.UpdateUser -->
