<?xml version="1.0" encoding="UTF-8"?>
<!-- Generated by org.testng.reporters.JUnitReportReporter -->
<testsuite hostname="DESKTOP-3BNAR3I" failures="0" tests="1" name="com.tests.CRUDWithTekarchApi.Get" time="10.196" errors="0" timestamp="2022-06-09T17:50:40 EDT" skipped="0">
  <testcase classname="com.tests.CRUDWithTekarchApi.Get" name="getUserData" time="10.196"/>
  <system-out/>
</testsuite> <!-- com.tests.CRUDWithTekarchApi.Get -->
