<?xml version="1.0" encoding="UTF-8"?>
<!-- Generated by org.testng.reporters.JUnitReportReporter -->
<testsuite hostname="DESKTOP-3BNAR3I" failures="0" tests="1" name="pojo.GetUserWithPojo" time="9.962" errors="0" timestamp="2022-06-14T07:31:09 EDT" skipped="0">
  <testcase classname="pojo.GetUserWithPojo" name="getUserDataWithPojo" time="9.962"/>
  <system-out/>
</testsuite> <!-- pojo.GetUserWithPojo -->
