<?xml version="1.0" encoding="UTF-8"?>
<!-- Generated by org.testng.reporters.JUnitReportReporter -->
<testsuite hostname="DESKTOP-3BNAR3I" failures="0" tests="1" name="com.tests.CRUDWithTekarchApi.LoginToApi" time="4.389" errors="0" timestamp="2022-06-12T16:14:39 EDT" skipped="0">
  <testcase classname="com.tests.CRUDWithTekarchApi.LoginToApi" name="loginToTekarchApi" time="4.389"/>
  <system-out/>
</testsuite> <!-- com.tests.CRUDWithTekarchApi.LoginToApi -->
