<?xml version="1.0" encoding="UTF-8"?>
<!-- Generated by org.testng.reporters.JUnitReportReporter -->
<testsuite hostname="DESKTOP-3BNAR3I" failures="0" tests="1" name="com.tests.CRUDWithTekarchApi.AddUser" time="5.403" errors="0" timestamp="2022-06-09T17:44:40 EDT" skipped="0">
  <testcase classname="com.tests.CRUDWithTekarchApi.AddUser" name="addUserData" time="5.403"/>
  <system-out/>
</testsuite> <!-- com.tests.CRUDWithTekarchApi.AddUser -->
