<?xml version="1.0" encoding="UTF-8"?>
<!-- Generated by org.testng.reporters.JUnitReportReporter -->
<testsuite hostname="DESKTOP-3BNAR3I" failures="0" tests="1" name="pojo.AddUserPojo" time="2.260" errors="0" timestamp="2022-06-13T10:56:01 EDT" skipped="0">
  <testcase classname="pojo.AddUserPojo" name="addUserDataWithPojo" time="2.260"/>
  <system-out/>
</testsuite> <!-- pojo.AddUserPojo -->
