<?xml version="1.0" encoding="UTF-8"?>
<!-- Generated by org.testng.reporters.JUnitReportReporter -->
<testsuite hostname="DESKTOP-3BNAR3I" failures="0" tests="1" name="pojo.DeleteUserPojo" time="2.639" errors="0" timestamp="2022-06-09T18:43:24 EDT" skipped="0">
  <testcase classname="pojo.DeleteUserPojo" name="addUserDataWithPojo" time="2.639"/>
  <system-out/>
</testsuite> <!-- pojo.DeleteUserPojo -->
