<?xml version="1.0" encoding="UTF-8"?>
<!-- Generated by org.testng.reporters.JUnitReportReporter -->
<testsuite hostname="DESKTOP-3BNAR3I" failures="0" tests="1" name="pojo.UpdateUserPojo" time="4.649" errors="0" timestamp="2022-06-09T18:32:50 EDT" skipped="0">
  <testcase classname="pojo.UpdateUserPojo" name="updateUserDataWithPojo" time="4.649"/>
  <system-out/>
</testsuite> <!-- pojo.UpdateUserPojo -->
