<?xml version="1.0" encoding="UTF-8"?>
<!-- Generated by org.testng.reporters.JUnitReportReporter -->
<testsuite hostname="DESKTOP-3BNAR3I" failures="0" tests="2" name="com.tests.TestWithSimpleRest" time="1.926" errors="0" timestamp="2022-06-07T17:46:02 EDT" skipped="1">
  <testcase classname="com.tests.TestWithSimpleRest" name="getFlightdata1" time="1.926"/>
  <system-out/>
  <testcase classname="com.tests.TestWithSimpleRest" name="getFlightdata">
    <skipped/>
  </testcase> <!-- getFlightdata -->
  <system-out/>
</testsuite> <!-- com.tests.TestWithSimpleRest -->
